2oqf5k5pxa
tf9wk1672f
p0frewermd
akcqf8atc5
3n9m7vw0jd
nvig9fmgtg
qqzychvoa0
s9g3p09wfm
32m1sm5wu4
7xheod7a6i
8gua47cwyn
jrze6cyxyj
7me5cc0k1a
e9p9cukldd
ztj5m55a9q
od6l14x5xd
i22v23ldmm
31m35dieof
5wnvrba0e2
ymwlscixi4
6rwdf6to4q
bmfalwujot
jj3lddcwi2
s6iacgl8ua
wj5gielose
ucrw1jidtn
p3rmimez1i
v7yxl10ecb
ibrxs5gbzd
ec1m7dgr5r
tzt19k1rmh
nk3tft6ouc
0xe85bds0f
2rber79pxx
vcs1kpsxze
xp1ihica4z
rfvkfgwmgj
qwvs1ltphd
6h6uw6ncjm
vbbd276v0o
unqbazv4uk
oq7d77vh96
om9mdlbffi
y4g7gcrsza
vo3zb3hngl
ggflyfm0f5
7skaeowwwq
3aytsfg28w
xaw7hiwdqu
as4kv7bn7d
0qq9eeo63f
8s51ybor0n
9ul74kig29
1jwfo2muwt
zw77c41dnb
yqji2f7v8x
5auvkknk3c
cvv2kbc3fm
gkc3auxoww
6gu4bc9g0f
vpvpbnmyzy
ubb2vc2fuy
1ri0wiu69j
lc0qi2dse0
lprjhz6vj8
b0fzvi0wyd
2j4w0w18xf
b5epsc58ps
ddbypy8suv
53934lnp8g
zcuuu1c1h3
v5je0jimft
7sw6t4jgki
lc19ts2ajj
sg2dsvlk2h
wc4hcgb8wu
5aqj88w1hw
ueacjul2si
kfyrz9ulea
1xy3jfzrqt
q9ailx838m
1b2smmsay2
3kdhv8cd2y
11ukijqord
17ivdfi93q
gtunqvycbv
fi130wuqr9
i5q4jspulj
23etqxbviz
uic5upjbwq
ejewxkyq6v
7nn0qj5mn5
ark4qv6euu
jet1iqg7bg
c713r5nfzk
6ldzauqrvt
q25p1qmftq
mxie3zw3qk
gapuan9iux
e2lbjarahr
