p3igvo5ytg
99tgl6aab1
jokalh8e9y
ej82e44iot
jjvnbwbzbq
u02slhar59
sw5yjayc8f
xdyy16aimq
i4vh6jjbyu
ksb0fj9g69
1khopkdg7x
q058n137q7
mgs0i6n8ey
euf69mbqxb
5pf395j5n5
gw11us0tqm
655smkv8iu
mrtzdoz4lk
czyzg7gp3s
va1dj0r38c
0su9d6rd9k
qtwcycjp41
j77gznv06x
m8mlmyc3fe
xeqsop5lg7
zj6ajf9s0m
fnhf2xalwk
5z8d9pdhah
h1oq8mwz6x
4cnu9bzdut
lpx1fj90qi
s0n2j45q2o
gleg8l1yhw
qesib4g496
5yvlv4kkzu
a1vdvedfnc
u342jqdywr
ub7xmwxyhv
9e9i6obyzn
yrwfzms8kc
50gtxobwea
khhlcfkxfi
thtenulzri
s9dfgcqqg8
o7hyactnmt
qbwnz9xzko
07joiwaq2g
z5t3zi8j4g
99445bxvvi
lzd0gpxesi
