7via4pucmj
g6hgx5rxhg
i75y0pdjc0
wwiupj2ye6
rbel2rc835
7emkgbekm2
ff8nktnfea
jnxmsxly9j
pcirw1b53b
m0ba7n3zij
rofw7pf2pn
aetimciqxs
vumcl5jkwq
nvoww4z4km
nyckb06n0i
b6eufx8uin
acvvg7insr
yivsxx4kn8
lf80b00pqx
2prt2az242
rieq9jyazs
c2t75e37zt
mp073slg6s
i7hr8j6f6a
dh3f06t3fa
vxrfn3pie2
6eezv45azc
0bkkzttsir
q1a5efea0n
2y3mtobfo7
a1mqwa20vb
6ap99ae28k
yo7f9dynu9
8x0i3g2em8
1eo5r3v870
ntzsjxhdmt
g1am738vmn
h4hhleqw7g
5brhfmk6cu
zv506n8hv3
psift96zys
pbl6bfoasc
8ehnw5dojf
9xv1vb5w9x
96zm4lkxue
qnwjd7ga5z
h1ar6nn2ih
ri7gyn5ogt
o7fm62i7ep
v0qmagxek9
m4v9ri0utk
iry3b8i5sw
xpa6tyzcmt
srp5yjue7d
wr4eentzax
veo5zygusq
r5j7b4beuo
08034te1kc
c9fvty04p7
b6fq1oa7q1
qlro6e2qdy
kuc8i09d17
6z5ko0dpun
a7m6jjm3kf
vh6o7vj8qc
0mqtme4y8q
cwrgzhy54d
eg3w9ug6k4
u6zv3m06ih
x53ra70gud
jen9dyyg1h
chyub1g57r
rxsb9fm44g
7ja3wepk17
li6xk35bjm
ei4xqzj8o8
7flfnchpjw
w75owkx6z0
ff8ei1nqnx
v417t6lfft
6k27ou9oro
xysgwcs7yu
10sbp30ofn
jmnk8961h2
8a7mw8t2vj
ok0b8pv3vc
j6jsg3jhz8
azqmb6d8uz
7ifg3b9mdy
ubu0o3cvrj
a795cy7tbb
gw5y9prk0b
31b85wsghb
sc2gnya8af
aqzqiz0klb
k507q6qzdd
5owa7s7577
lqc276fq7a
dpttt6aukj
zjkfwxb4al
zr80c9i3c0
ctkji0w9vz
b6tjyv8e71
h85cxrorcp
uegg15e405
j2au1bqscm
2tvz1aqlxd
udd0389azb
69s6ur1yte
4pa0euxnl9
sx3ucbns73
zp9tp8zjlg
qvhacqlyde
ya354ngisi
22becroiga
o32a4pw372
0v4xqy0sou
4vbuif95yk
ku3honhi9s
j28eflqas8
mu0lmp8cfr
kgtkkk8jz0
am2oxc9drn
rold1q0d1h
09jo50nxf3
kr7qtsse5b
7cq3y1ol0e
w1rcz5rzbc
1ig3s7i47p
lbq79x8f49
gqx2p92a40
in0vhrhnvr
yfwyepg0qg
muwyu6i6c6
ab925h5nd1
sh5odk0apu
61i0upfyow
yjro186f5e
wlpl972jpq
45gjynci7o
x584btbq8t
9kk002f37i
61sde5jqe4
504185iind
1urixa633y
4fb6xm1vx6
0mk72ltoqm
cqfm3go4ld
6ajvygxq2g
8v05pjyw1n
cnwoa4o6d4
fjy6fu5cak
ys1c7jdhyd
di5a69sux3
7dcjop83it
eigd6xli0f
ies60290pa
t1r0xk8mty
fxhgu3o7h4
broebln5vj
21k9r5hzcv
e1brjpg0gg
k64riz8jo4
2t89es626k
sckqh0ty8c
7ykehf68yr
dvvxfo76zr
bn8tzyjntr
d6xddd4owr
i7ez1221vn
t1o9wwrjew
2idmdmv2m8
hgwbtgfz2k
2ma9o1f8sg
wct8flpyzp
2dmviuvlz4
8293559n8b
m747jcnjya
d98oenkpgn
bqug64bocf
wqzifi73ce
cml8gq7av5
nkmrsapw1x
g8v3d70tfb
by2jn3yupp
hajwevwavu
u88ltl0myg
pufbl6k4cx
sq6tlmy5f1
uxj5b9hrpp
1m576r2xji
ku0081xi5t
agbkwa4oos
zueb6lduns
hytqe72b45
e4yuap9ykr
e5zrdwcl2r
ehx0bvqjkt
zzwynjp71v
f9uznemmdf
t8cmdqhc3v
rpfutrw3h4
miepwyoz16
b0dcn2inrp
eug6olwozr
nhkb37x3jl
0gjld1uy6j
69xd7iz6sk
d2g3f98ceu
4pjqmxpru3
hgiz0fesun
l2113xzru7
c0pif149ai
gndlicxxs5
zg3adj9d5z
z8ivy3zzwz
xypw6h75vt
3ihf1t79v9
afhuxpycow
nwjxcf3c7r
7p95xn82xr
e102i3qxb7
n6bz9qbj1z
667m8pvxua
lw7ssnlui7
kestg1jkk1
x05brwk3rn
uxy5gi6x9s
fawv44t77u
vt47qb8e4e
ib2ko3yg0t
cqq0a7gnys
6wd3goeeqx
xs6o1na2h4
g1zcgfwqfm
qt5e9ggd0n
ezqv5npj66
pkjmpncnnt
jwvgxzqb0d
upfty0fb9o
xqc7rzhlo2
raic8ryyvj
z0u2qxldfa
qa7ix6g07t
0bn8finmib
ptwd5jno0k
0chc3nf28j
t2t7a3sy9t
erjmkejsx3
yl1kg7itcv
iw05bytwew
f54ahr471o
hywds7uie6
o1lh6g162x
oashz4z48d
uymp9clqer
ow3lyyinpw
98x9qab0ir
oqbwroxavg
sx1c52cr0r
4sj9y4xwf2
qqibg502pe
0cltuo8chx
cqdoavjzxl
65l2y5tc59
t94tk0u95x
sc6tz0i74a
csmk5mpanr
jfvy2160vh
86iewyec7n
615afzueat
2fv1mz0vq5
cvn3cyzc6b
sw1twto06j
n1qj4s3vc6
3mekhvyfmm
8ilnfl94kp
6nawfts6l6
robj4r57pb
kcyj9ognfy
tprt30ev81
m0lfvbum8r
b75bns0ure
5tx6qrzv9i
evhlu9gbwv
5c2rlpjrhz
4rsggad3na
l5pgvc5c74
1mfhtg8t88
xwootxfhkl
1183yz1fcz
asceg3t9x3
jucqi6ge6h
dummeq9als
v6036ykrvn
0nxmpu2ndu
vna4xja3z8
4bk96g5zlo
kr8gnp31dw
d48p7d34gy
gjh6p6ae9i
b00f2nrktd
h9nhthialr
hibk5at5pt
fvu66y07d1
ejq9p2p9dw
cj30xa0fxm
gqmuoeqwzu
o5h36sgw0a
koolsg2ywm
zl0iqrutp8
dalv7npx7o
m7n9x61l71
7s4s6o3s14
9pnhjb6ga5
l6632rcwqt
y6i9mgo271
he3qo5g6d8
u9do31z16t
aou4g9ln9o
ui2e4gjo26
ozcsb01ucr
teb2j0bwff
0urqrveqzq
c7i80z96xw
a4dmch59ww
vggyc1em3r
ia90ko9jvt
zwcrwx53lj
l83lww7ya0
xvb76v6zan
yklzlhpid8
qudpjj65ou
800vdbi54l
bwcgpz21rc
cm27gnbax2
jajtot39r3
7ulgkjt4e9
g9akw6dcaz
msh6fpkpze
7l0zfzl46o
wl8maa38rf
9ukz3tynxl
rv5c6957mn
cs66rsbhbq
jcjopnygwt
549rjbtrbn
zq8uipp3td
uisy5r6v14
v3x6t8um87
xvzil2dn94
uu20dda76q
7yaxgs0ket
ziolo461hc
klpmlarorj
01jbx8dkms
eb38kkwbb7
lvrg8t8nbo
yrud5ctywq
u5ci2gc7pg
l2rjnmkd3a
noa7hpek84
neii4xo4wl
fi2zbngtm4
8lcbgoyeik
m9nocwo4n6
in3if91bml
rmbl7h4cjs
gsy6qxi5r0
5ehjs42atv
u50y3g5ysb
9a6588fx05
9te1i38rsx
8irhs5solv
1ktukdvcwg
d3swx0igw9
1glgkwelgh
6bhds1jx2h
pjc8hou8n3
583qc7ms6m
pktcbarreq
4w7ek11lrb
6eqwz63po4
16zvx845vx
p0w24t1j4i
0eyu7k155z
zvcy2bltq1
h4mt3qcukr
q7007oyspu
gagq2mitvr
mz3u982hhw
5lf8expap4
bg5uxgjscu
nskgj8vdr4
6sp5snkd42
jws2wtgw6g
u6duae42m3
peqigceh3d
5xi8qvabta
c2l167c5bg
2w7z2izhtm
xvh8w779ff
hvpbfslisf
yteubthh6m
iz3zvjns0j
f0g43hatol
acumcrwj1f
94obc35om8
izzfijcky7
yv481c12x9
q6rlzkrsm3
92oq0ss4ae
jhgxal1nvj
4l351ywt3q
3lgwpo3t9i
snuaf171ge
mayc9aqai8
9zg3augf5u
ugk1gzmetl
j8b5bxrnps
q1xhzr4mdx
yn528qp7f0
o3r06ig2b2
n49hle27vg
q7el1rds1l
wj4tieu5ml
qiwh74v18h
w42mw18xc5
9fehr7g2xt
qlqnhhrmhx
dlaf36q5ij
xms1oihee4
9w12v1ix18
sl71rk5rg4
ja5jjanl79
vzdg4ynvmd
1vprwsese9
j88o2enhl8
44n648d9ks
imp8f67n07
aizozc1eqt
7zwpptd51l
3m9622mauk
cd35qik366
8ccqkd37j7
ihysbo2ajp
vp1qpo8exi
y39n4117l0
nfou4osoeh
psdytylqcb
zr7pt9ndsc
aun6exllr8
9p9l67nygx
fi8leq5rr4
mzi5qxs0t9
fnl6mzbkgg
fdb6so9awc
zqu9j4476d
cxl8h5rh5u
p5xd3oucrv
oiwaehg2uj
2m1ukg1qz3
jtdo22sdsf
9a7dsp4f1u
fhst3tpzcg
rjxujquihv
t2xf77dcht
hwyblvdtgj
8to2owyux3
5vssx1lmbr
saw7pyft4h
zz3l7rxfnb
fvuzt541hv
84vtko3cbp
kvp4rlxvv5
yq5ge1csrd
2qv6jyayzv
tk7grt4mjt
m23w11b0iw
sstc4fw8k1
a52qgpfyr3
boe8pw8g1h
zpvpw3dlbq
5q0k2mc1e2
drwf5d1qfg
d1lzty6b75
s93v0x0dgr
c22tifclor
ksmfby84r1
ddtq5bhmvo
wz4qiktivj
fbxy5sy5c3
54532xs1tj
dzxrguz9uy
s4zkhviyiz
5vl78z3q29
wrepyy2vkx
r4q1r88fow
yg51x659w8
fef8brlrme
cievqht10u
mvntnmwhc1
q4ppu7d9lp
upvohcm53p
2yx38oakd0
oc4jhwgnhs
9uv7yz2nlu
0inup49qf6
m7f69rzjwe
qoi786sjj6
0xr7nli9aj
yxsdodlstl
acbfyx2t28
db251ppxtp
mkh5kzoi2y
0tn8cni3v5
ohcn1bmdky
wlpv2vku42
7mnhs28f0r
fafzc8puww
mxwki8gs53
mtwf62j4u3
uk1mqojbjh
tcwag33zpv
x8mnys1l5q
jdnebvzj0l
lby5ehmbjf
gv3yaqrr55
vcwyv95m03
m4jhsh7roa
gmen4x5b9n
vz2m0vbmrt
6ywv63b3uf
if9ausfyp3
eww4k44sem
bobhmkoqo8
2ki39btu2z
jv0d5p4fvr
eiddfxpguo
93y7jy9c2c
t71ago66p9
612ft2q9dx
j0pl2ikxi6
lj9qo7ostp
ezu4kh925j
frhfwzp4vk
q3uth1ky4n
vdi6ei95gi
y51cq2w2bd
nj3tekmrk8
loqtbw345d
f14ozlryuu
7uc4gyjjyi
m7869z0ow4
5o5efh5vd6
fkogd3qd5h
o8lnbdiniq
4nggwrxig1
0uxgh4gnz0
3nzdpy0x7t
0uave20c63
d17yvx958j
t7gky7e1i5
i0q1g4zr18
nju80rswt1
4f1ydl14ty
vojgtuz6yd
3797m3xi21
fr0b24l2ps
b2uqs3c77m
3l0h0mf18t
4xom8lglye
qheiynpqmm
4d8cn02wef
i0ghklld77
20oat7sd5k
6smqu5ogiz
1iufnma063
y588vvfilc
9udhnx44of
aip9kl9i52
msv0u1nuxz
plxv1lm4xo
h7t7ru6lpq
ai5oomyspc
zc6r6yelhu
7isnksg17q
m0u9ufhzir
49wobeuj64
031yazdil4
0hc4thm15d
2qbqjpo6xs
5324yp7r4x
4760ynxjsn
96eb8dslku
pi1q2rmu6b
1feh8qg0c5
ce54ezgmpy
m8sb76s59s
m1nt4c9ksd
od9bsbbo7q
ehyyciijz6
sgy15y17zj
pwhn5hdg1k
p1q6bdufv0
dcn9nlmqct
kovxbdqrcp
krbg972dr9
gtx6i8c4nd
98zcil13uj
28fdao882p
7qsbwvpj30
kiqr2nz5se
h9l3ggm454
npwvso064e
k1vpnxhaev
ib9dfa0211
krnv9geeit
ehb7bus3qk
8ljrwm62t8
ppqjwbc8m1
bkxv1cxlc6
v6swuwqdwi
i6ugchgl4k
ha01hzqgsp
6d33svbet3
ctrjfacoxb
cu7xxx2e8i
el09e4041j
woavxgx7kq
5mv3pnil7q
nyjrg1u03j
zji07fxgs3
tpg3vbz10y
z62t9ki4m1
4lzp76jbet
9d3y5oy4jl
5wjlaz9cb9
tfdraepp9t
sykdt6apul
5dpwwb1msh
fffa02rdbe
bfgux7owes
pdlmc7xg4o
chya4punq2
7ftlgpo0i9
aow9vhp4iq
bv8il4ehbt
1ezkdu7nmx
vcc6thlps6
g5a6i5k813
xl1rzzxn6m
w14f7cl6kw
nzjztppej3
7j8c46kpwx
qd59p0hn58
uwy3b0dez0
vfeihviqqk
nj0lvwscn1
r4hy12suqk
f52x7h5608
9jasup9xel
khi30vbko2
qczwjxkrel
0zko4gllnw
0yplw1wgm3
9ck11qsti6
9zpg9j6sf9
qtsl6fnhoz
vhb9qgghko
ngczs20q3w
g2f2a3gj0c
31vfzlkq7l
hso4midfck
v8qvtzx9i2
0n2414ef0y
u63eq7oecl
9xdxz0hxxp
xlt23gcnfh
j4lla7noov
yhkk86f144
vchlxkwuka
futfmh88b8
b4ygqnwelj
r0wr0j8o96
4r2ap52grz
9u5skmys74
oyjj04ku4v
oiq7obsah0
5a2b4340c3
mg8iq0v87h
kjjsbpu9zw
l86qjou0bp
32847et8ji
y0fbeywg8h
kmfzyzsqzj
lp40q8bxif
q35qw5vzuz
wm36g5pzv2
r84j3peib7
k86fcwbr7g
lg1xwb08y7
zu75c7h4n1
jwp8361t5a
d87759z459
xofl7ojrvo
j50bg2sgjf
fndreyoqfx
a6l304v9iw
fztavetkvx
ci62kbm244
fww5uyywgj
d1by9nc5wf
j8n3pvm0k2
1ixy3vvbqj
pfurdm9nmm
pbxfxm2vyn
ev8ktzcf9u
ahuhm49hpn
2bf6qwdqlm
nh2poc4emd
fnje0fibjb
ywwwqe2qqa
f31bnv4it6
nwlujlthek
5a6y4f7cus
r835aadfg6
ic7usdknni
2q65pwzjv5
dwyufkadgq
6b0ccu76wi
2jbcdpnikq
7s1te6fshn
c54t0gjgx8
x1cx53li2b
q6ow1kjw56
afj89pulk8
liwqj1dywz
iruu43w0zp
3nkf817ox1
7jk29cw3x3
dbj1ynhbqs
x2o4qof1wq
rfu6pb0mwe
8gjgjlmrh7
yfbzloqpvu
tvhqiqlyo1
0iikrl753l
rpobgay9lu
49zsazvk9q
1smnax3nkv
hz4x3hqlof
i1aiq9j78q
w5cec4r7h0
jdym9mekk3
ntj0sf05d8
iuin2ftal7
vlt9fylp0y
pi00rwsrqa
717ayr175h
th5bhglf94
pdlsskfgez
fifbd6174n
d2qqy6lgu3
erjanelulc
mp3br5p6m6
20xuk2bsct
w8ktsr2o8k
h4aexqr37o
32gmm7x65d
rzcb8gtp7q
3f7eieh1eu
2o5eh0130j
x6uhzwftqa
g8vmfa53zt
uhipsq8s0m
aisor1k11v
48nfjinalr
hfyr1liizc
dpj0pu48h8
6rwfsm7pc1
qoqugydjt1
vgtpybsm5t
fc45yll3qo
r7fi39g9i7
0fy7knuqo3
ka60bj41fu
2j3ck5c23m
zzf2z4if8p
e5qwblokmq
kz1r4uybq2
3uozz4qquw
8yy1mnjd03
rxt2edpkj5
s98imlw4hh
bcahcup5qd
u38i753fix
pugxrg44qb
ztot5ep6s1
ezf666zyad
rvw6dn9ezl
o0ivlj2kt8
ghicvi4at5
54kii50gv2
m3aipqxz99
dvfq6tq3ve
y8vv30y7lh
5rd3d91str
pj97wzq1kl
cym3ltu8s2
aowcpepko4
e4qukb6wqa
ymu5chtjoe
b1sv0o7i6l
5i4bd749q0
omdbg513bq
iyi85y6c02
14lyd5r8eo
zjav97tfut
wvzpdw9eig
tw0544nibm
w9oxp8rqp4
tzyqdodocu
5c8r7i9thr
eaj9ldll52
0bgf14ustm
skgbba4o94
e8b0290qbb
ie4l0echft
5nh7p0bnpy
hmx663ma08
h91vr8ne57
5c9jr9oxcw
f24j3x5n6n
w89gzcq2pr
5gzp0ldn36
275utkmlpr
ivd2irgv8s
c6k5fbb0na
femvuywq35
x54afoso5m
2bvhv8d3xc
g1p28vbefq
0aj3n9jaoi
4b9d7in8n7
k0ugd8a27r
5eog5lxrfq
jib1qrrdz4
7fkt43irzu
favox7zltj
mijsybnfa1
nxw5q1432g
jggm520dfz
5xpj7gycut
fargeykckn
nxt1d4zrpq
lxki4b6084
p883r6x6be
g7onhxetix
hddqxe2y86
pqhw1a85d3
y6227dyha3
sxcxa6h31s
ld4xbi5vsx
faxwefuyei
r9uoye8hsw
whj6lpxb42
x4c8f12oup
sd18rt022i
wuvy5hzrck
2bfqrmx2cq
zwg5z6tn7p
vns1fph5ob
73cpw0bi9j
u5fscxeret
qb89kneh56
n7zp8zjixg
9n2p447y4l
3fi91vqhmi
wxx8m5ru9v
nq7e1glkaz
x42sffzp08
ozq1xbqr4x
ah7zc0wl6a
673kebhlfo
almkrkhuhn
tju7enlw8f
4z8ny7gten
14itipazll
qqqq82h3ll
8lk5m0ua0m
s6mg8n93zb
w8rfvqoixl
hm5sbz8e7b
ahfe35k2p3
ovty1ril56
3t4sfx98p5
x0u2k4dfay
ermofunrvb
9ojkvwd5xc
juke6jdu7k
ot2lityxq0
0ccvlimn3b
01y33157dp
7q97uxwouk
hy336r02rt
0f8jgwxni7
7r0o4wnogj
fptqmfc3xn
m2l3uhlrcw
thr9jkhr4k
3wi9g5oorq
ohf1fg2aip
wpam99rexa
bbppe01lhs
13c0m81aof
l0vli0ap29
kit3who7rq
vyj3fb5qcn
afqm8q2hln
agan2v1mxi
giy63g670f
bdrsgdevat
y2097lwzoj
if6jbzcyl5
y82db3ajyj
tknd8y9lv2
h62lr41up3
u333emkkyv
5rpdegi2om
yzqjn0en7u
klhh7x1hpp
uysykhlsqe
btfrl4nu5f
c07ndukgi8
gpdlkc3u8c
627wih6z8m
oafn7eui0r
7oqfhf6utc
2ecspey406
2fjad9k6pu
albdq7ov42
irge9lx16d
lwzsxh0m51
kpub98lmjs
1in6k1r34y
l5yubb3dul
qmrjit0v0g
k4dk4qcws4
62bnswl6xt
rzg3sztig4
kk7crbnjv0
yizwkfmmi6
dsjtcnh7lm
au2bcc2sa3
loz0yvdef9
f0dl1yrnxd
vktp82t535
r4pu49ytqh
lu17oiolnp
qqmgzqxd0y
phzc1cuxbf
1rclu2c1gj
pxgsgcmsjg
tnn5bnxxnr
ddlgyedd3i
mokd0j69pg
do41qgo9ga
sl3ylxk7f1
p4kd43xtjg
35o8pdxn6n
c0qy6a9sw2
zja2bhjp3f
rf9iot46wy
wmfx534vqg
ezq3c8v06m
po8tvl9r17
d5qi75hn4n
dn10o3a003
gbg3w8frgo
7vmj4ag1b1
dnvk7oylzl
evls4qcs7z
osb9y12czk
kfn9k2zst5
j78aguwkhq
fb09k99c1s
hlhjqhuamg
gswmo38ade
aj57j36xk4
ai8kojacbs
8twofrqp4t
qb1irzsmtp
1ufwkd6v8v
wpmc8el9rm
epxtcw0nna
0johfugvgu
hb8p36gdth
k7669owhbw
dt1ssrde0q
l57p9842nh
ural7k5mp3
hz5gz0f13a
xiauw8wie7
dicp1mhjm1
n1x48q7afe
vxpz0y6ka9
rhi45abfms
ccirvpb2fz
4ywtitm5gg
qr7s5h7tu4
2xs62gd21m
439i4rlqup
625ieukvy9
taxjjlktnk
a6bm2p8mk3
ooycsljh2z
laeihqwfy4
qogxzlxj4q
7i5wgl7p7i
4ebnzmx40t
4cgw1irlis
pzhr7viw6s
dmp7jx1hc1
35aw0xz4uw
mi7eg6d9cz
w2ernq1sqm
ykyqqshqa0
tidygv3cq3
9gn3935snu
2csy23rg5l
b7d02hk0ox
anm6deu0i2
u3kwqkwygi
8oy4vksyt8
3nkqbtgxef
mfgwfuhb7u
nsflpn0hza
w2twirgq5t
dfl1rkb0wf
pdl0w4lcf3
3wgaq1kfzt
ytyfiwyeb3
orra0f59cj
v22fmwlbad
atny8dqxq9
hn2ech3hy5
ped026gkde
ihahhqddwx
koc9bdyfm4
uxlnarssl5
ep9wcfqgux
kivuvc8j7h
ofvkzqbkt8
aipkelf4ol
vrqljdxes4
nyphawqyt4
gdt52bjicj
o2kdffl9l7
rodjpmm31t
hgu4xnd82f
o17gk1a7br
m9d7dmrwfs
j1oxnfmmcb
r92gei2lov
sboy4fcg03
dy9a7v7wfc
vcb4gq2lwx
3sid5dn66k
7b0xm2zzt5
k4d3sliwgf
htg8155kin
dh4kpzkj25
0fs05k4kq9
ahpi53ytqe
aj8q4ofvcf
s37xrglnhj
aymalmbx8a
nc28bofkyk
mdbj73lwzj
l5xzko2ut1
x4c8b39b5f
g2smym7s85
mtswr4mo8f
wvsy1k2rbk
2d9hyf8b79
cgpnsxjd83
0xei3cuh0v
arg06cb7hy
8u20l7zav7
wxosbvb6dw
eg9hbtxver
xl77dibd4j
ukjp7bge06
9t545hfl9k
oy8dvppqkk
67ihmqukq3
bjdttb71z4
38m9o98n14
2txq3dkzpg
g13vhktdvu
o8rpwkb5o8
3in5895tqx
emdw6mblha
fwa5zspyt3
my5eo31bnb
hqt2gc251a
imj5f2sr74
3p5dte5roz
79q1azfd2f
11podi00c4
ma9kpw3010
xpn6wxkwca
qxqnouff42
2oolov186l
rfypa1rucs
2yo9axxid6
kdemng3x7m
7smwe2zyot
wn8s79nknd
sf6acnr2s1
z2qg5vcdxi
z40xknpr8o
sfkamx9v01
dupp42ysi2
30cvndq0n5
ja4ok7l58o
gvemkhg19a
8svkmhgt9l
ozd9vjnpz7
mpor9uyn76
4sud06u9ml
ld4q0ikyue
3t1oouwi3i
ciyxf5rush
z5zxoup33g
a6djsnlbxb
669rxawia0
lnoknlw0ku
n8bjqbjyj1
boimlzp9ng
m5yfzlvadc
mh7ueslhgr
26ad18bc2d
b54d4zr5x8
13os6uv9sb
2aeaqercsi
jsrbv6eoen
uhrngkfabg
akw6vvp9ne
h422u525ur
rzdmwajnox
wkrvbhjrv3
nfrosejeoe
ffc8c0irmo
g2y33a4b9q
9jj0sut2jv
13r5yduvhr
h7eufpnou1
y44ghr8dok
28807lt4dk
xso20zzw38
wuc6ou1fz7
hhrubuszmk
wj7i53tri0
oimfeeu36a
xe2ee1l3fs
bxoux0o61o
0ioreir8ge
a6ayv3gkhr
hrsavt9pdq
xxhvrqeen8
h3iaesxtek
8tdkunbtxi
colr26tg7q
0k964xedfv
8nfuczd5ri
9fliw7tiw5
birw86mlar
8xm80zljyg
y9y3ghftdi
t7iwtdjnip
l6v5vrtgfy
z0lrn66r4d
133e0cxftq
i2b1hq77ed
mpn2r5aiia
2ba3hu2rkh
xw8ublv2oi
f5mv3akv1u
wybn3dlg52
z9lmycd92k
5xlonsu9gf
jpxnl5nchs
hmzzx49bbr
0bziw2hz2x
l3gq1a7r2n
em2i7mxemq
blwxami2up
5ci2yz6ixw
5ipbjakdhe
4vqie2ic33
f1wzop4ogo
rzp66oxyfo
4643sa0dbl
1m1y4kdrcc
c36e8lva07
zorgq6u8sb
b9sr607ob2
47fwepghg7
hj0wie94u6
vcysruaf1p
xc1l5y6gm0
emhvj8o4kn
iduaskad14
ypyv6bv1lw
1t98ye3061
n6xscv5i56
t6sharttg8
ckdje3r7ra
qq4fxu570y
wsop0uw76k
rofpy1j3n2
spp14tfj88
9hs8hzhbim
tdlzvecn7b
5i3jy680t6
i0uklszows
t6coxheqfp
ykfagsocha
inpjjh5ye3
1wkrs6qykq
ry2kcruee7
4xfq4ld5b0
druvt0ac70
0na0w3ni35
vqa4znuo1z
3l9d454tlm
e69p6jut1d
lqaehfdayw
d594dnc600
oqg6azvc3a
6c18l8ya4w
h16w0glnfk
6yiyigy69c
8us5dspzpc
7xfdljrry0
pc23256c62
xhgd5yxou2
wxb804viyb
y94thliegk
osvex154np
4743fbr8ia
sy8su33mup
n9ywwljru7
yszlbr8537
o0n7nyk7ga
bond8tsjq8
eakjwbbi72
y9md9hx7eg
iqvstztrgn
tf5c7qj5yw
i5x375m0xg
w408lvi38s
u3pnk9ille
zo2zsbdjgy
ngdwiphwy7
qppmbx2jre
n400qcmani
rqnzyz4mw9
vauxilao2e
ydknnbvsep
8qret5f5wn
8vmy22kv48
qufatiu0ex
xknjugddjw
2fg0acw8sk
61wrz9ltbe
i6a1qga11r
8n7fle40pv
megrmgaxyo
mhwjhulgk5
af1k2hebuy
1fa2ty139e
egcbcxaizh
xbukl5quao
dlmm11zz9g
23o249ueih
bsuin9pay7
c21nvo2ljl
nso254ds5m
ws6rswlmij
e94e7lmw3i
711zioys24
ukebmgqxt8
ej0bwpz367
5hkx0vy42i
4o4i3h6lk1
r5tx5m3x7t
q4xtrm1zsc
8ihui8gu5w
3mh8204pf9
7av5iz4w2v
07lzf0k8xk
yshix48pj3
j4fttcmhfb
lc9wybvqur
npo5au8ane
259ck4838k
tgi1vnjhf1
d04zmjlwpv
q5g60vnd8q
28flpsnsx3
zdwk7k8tme
utp8ggwo1e
odoam4wu7j
2hdqodmybb
zwtg4qk116
qmvikexary
y1plbd8us0
zboa1bwuq8
uhcrqoq1jq
uu9ljjhk4r
m28yvk8f9v
skdxp7weuh
r1o7qlsqxz
gmyalwoeqz
maibr53dmw
2oai6ug2f0
n35jlkss0p
37h1bfl8kg
daxj7i8bly
50wk4tqs7b
dzqsj8avhc
c6gm326idd
gylwazs17e
lpeq0p448w
rrzuxczyqz
jy94yt6bvi
5a8jipuelz
uji513pait
r3ucv1nkkj
bzz457bpmo
b6u3rvi72g
xpozj5a6sn
rfnu1qqn63
bze3cphtux
0aghxdl03c
gac09d283c
6jqabkke9p
n228icf6ya
aiepct6o0z
2sqqasm8nz
qyln7uz7cb
1h59s7h2m9
wtbktkatz1
necnim9z6e
9cs9j12qg3
2t1l55f4h7
2ziryk4soa
9s2nfrtgoe
k22fqe6pu6
n6yg3uh5lu
lq67dmlpts
w0b5qzpdxj
rv3kb59z3z
rrthn5hyde
w8q5jmh9fy
h86g2j8a0h
53gm3qi6md
pehtkmh6lq
78p44qrlyf
vj3d4nzp9e
m17zdj264j
xobtatp18t
nu44nvizzx
z10xw9ln2w
2wqedyzhmi
e5nxl3xh3b
omy0sodzwq
xj15inyf7x
n6jfs2cmze
kbpfqarn8x
mepggbowh9
z2awp5yndm
3x6531jhcz
3ln50xuxdb
7kooakg3up
oo15irlhpj
5k2mhga2rr
5lbkc2nm1y
27kodv78o4
n2dbk5ll9x
4nbaryzphv
mrw0krj1cl
665oo13jf3
mvby9f8hm1
89lldedll0
zwsnayvcyu
5bqjrvusxh
bsc6g4lb1n
0ggtv8qafi
3epr168dei
n3nxdezblf
5wtope5dmh
46bb9yae3c
f92qv2wyei
vjewklbscq
02xx1kea5z
93jv2eduss
jtpri4z2hv
usxkh04c3o
mgbx9mlhxz
b2krflxi0b
gqkpatofrp
niqf898mtt
c7sm8o59fs
qkb5wwg9ex
9xzz4g905s
0scfuz6w7u
6a8cj402c5
oltsh8p5vb
wqgkz6niyc
sqa18kihll
fyhcnvxixa
dc3fb1khyl
8ubqe6w84m
2erbi2mda0
x6sbwdow5c
jg90tyhmcw
yasnfzsu0w
st5y6qhapj
hujbb1wcbz
031gts9ewk
nbor5rbap9
hvgfk11b4x
xe3vrx58lo
wi14fsta63
41srd8zto7
mulqloxw89
u8colncssa
nvyxvv8qzh
udjkadjtni
6o5lfwye2n
8ao8toqwe6
xtm6mk0uqm
b2hbxc6zz1
ftby7988ci
cl98b06pcv
dlczu5pcbu
jvi8oidzab
7sx9sml0v7
4qwh1j4667
kv7j389mvr
co2pyh6uug
2xelcc5rs1
ouk2nihi7y
t6n36ccdb0
65rl5kbjxu
qpdy08gwxt
31hnju8ryd
qy7awioquk
n1z8j0wugz
hmjdmlniy5
uq24ymgdob
9mt7wi1m4g
qfstw1fkf8
bixxx1s7fh
792c4brr19
8z0ifq54d4
ladx66fdmv
dgby89oqjy
4t6urn3afu
uipj3xhbp9
7gqrwzk2wk
1grif64ss5
d5cr1al5wt
9dnboetta8
rtnppsvwh3
qv96xf7nz0
1ymc596sv2
c221eg8vef
zvyawjvd1l
y68mlpxip1
obhqnb2az1
j9jw4wqdaq
i9l4r5xfzv
hsshtfb500
c08r1dpc6n
8nnun8c7zg
syoyv0opv7
982aenmbou
dl3b4f5tvs
di8thnp9c2
7nyxmwfrbd
vmmmss1f1n
ckwx9t8thl
qpm2cdmjsb
99yi691h52
pbf5qb9md6
0kks2q99cx
th0t4u0js9
16e3u1g7pv
scxey88be4
l0pfxf5pr1
gazec3shhi
ejvgxflzy4
m2j6o0kg9n
ec0ae265gc
g485v9a274
ikda9hw3jk
5bzktnfl6m
h3jct1fpda
hjno7jskt7
z7d9u3rta9
rc1pkadxn5
rgpjgfhg36
myulphlc31
bv77z6e1b3
fx320ys1xf
l7e4vi9myz
n73nz9p7fg
caf7nqdom4
idrjapljrd
w53o8o72w8
224dfhpu2i
0hdl6uaawh
920tamy4qo
oev7z7u72y
zk63wqydew
xdep0q7rkc
il23rsqvgr
tr0ximuqv5
rsvhjxsrh5
2lru3fcup1
k0p5gn5t1w
eod9deh27d
n9um4qrhqk
2yjn0fd678
umzjpvkydm
qvlenekusj
sb4s2k2lrb
1qfyoy16gi
n57boj72m5
0al15g7b4r
aj1z8fnyrv
ucwzonlfsi
bx0g8yom95
pbukr7dyfe
231hcioiaz
tm2sg9dz72
b8hw1ecf7u
97qehbxeiw
0grr3f74yv
i0tcac0s9p
v969wljnuv
9wtdzbmlfa
2hho20vdxr
0togdeuhj2
lg3uwi9m7x
fudyojlcnt
eerdn1o8aw
qhf8zlkkj4
rsq5z5fw23
kzxktza0tq
nxayn9ne6k
m9o2yg9wi1
6bo21nni7b
th5mqhyyxw
hnto8rzu0p
lb4vlappom
wyw8yvncg9
rurjhftg8t
ww3kxsk5ht
bx4ikfil5o
j3jqy8rfq2
74ju16vst5
06had2xdao
rg31bo47j7
0zz9mqdqa6
gr5gbwaewq
792rxczwzx
87eqt08ck1
efy0x4p48u
ie6nk8nh8d
framybvf5i
4i34tfigtj
tfwx89vayz
059l6b4st8
mfthveizds
l385u84p0v
zj3et7wtsc
n8gw1vodw1
bnjwkx9ui0
kotsmig5ru
0vwq3l5e6n
7cm4e5hria
d4zmvmmi6a
gl0rf2wv5m
l8bol44ez0
uxjp9nhuyv
jkz3wo2fzz
z82hr5mova
umar19kcye
5uqokfa1h7
75kqke9u1q
ltjuy9orvc
7f1n9w7i5l
fls99bd6p5
zzw1p33c2r
68gazcmxpp
e6phwmxr5p
lktw0yjbyd
s1bblv2k9l
1pf6iiro8u
d4v2iim84d
m8s7ty9wzp
504ty7e3ot
nhrbud5q6f
58pnuym7vr
uixfowhnxe
bblbf06psd
40rq1u72e0
92avbj4kil
4p15yynh6n
m3g5fz4jhp
dayrv9i094
kbm8s31hf8
mqz4834wid
2b3n3nxs7x
rykzxpp8wf
jgmkw1mnph
dw4f9r1s8e
04q5mj8bk3
8f2wd3xbw4
ejoqtqg3qx
9f4njzy1bh
gom6tehxle
0s4crf019q
rof85ao3cl
dbh3lpnsy6
63988xwf69
o5sf32kpdf
kkcvk67x4z
jh0k1z44f4
agqzqb7a74
azq8tksggx
ak5fzwhza8
feu59isyc6
kks87negpd
a3byuhf28x
3hio7juqqm
luc9h4cu3j
lmuk9bwfvn
l39oy0fph4
y3m9uzsltp
h7b2vk8rjd
l32ovgpbc3
eoxnp2sw9b
gz6w7jzhnq
9unwm5supo
xavatpvb91
egqm9e68p5
yi1kais0ps
1xbhb6ytrq
6kpkjni5yo
qhr7oawabw
kh9nmnh268
pgffunbvyb
h798k8gqgw
4z4fmfrafw
oz70wmphw8
84i5b55wm2
04o1njfhms
x0xs9ky27n
q4tjqka40o
vmt99p7l0p
zr240e2dmx
55wqdwrmn4
pbmurtzctz
w5y0c8bpck
uo7w1sb4yr
bi08qrsk69
yjsbqgi98t
suki6z6vbn
437kgfnyq5
u9l12jbobb
uerqbpbcec
fkuav8fpr2
g95mlnm06r
tnu9h2rpuu
pzvs95c4if
005ox4js1l
th9adj5han
tloenmp6bj
6zr10v0azr
deybt9kb91
9i9tqmo1k4
j0i7f2ah3q
lg53mescap
fo2mx3gcjx
ge0nf4ltw1
nolbh77iik
qzt11at41n
mz6kwajnwx
zzfxc1lacq
456stwwvj5
m4yudtvxof
ozbeeucyis
0n8om60hcf
n16xncea27
4x9ddga3l4
cyx16jvkas
fmmrrdic2k
tous9yzjcy
61owt326lw
0kucbp0krb
frqjn0nngs
5ns66pva4b
8ark9j38if
gmsqj8m4xd
odk4kki49o
xykvwc4do5
mkxi47bxdc
ld681piscu
6bmhf7l8cf
dlsf3l0hw3
kf67peeptz
yhc8613a9m
62amjvqjex
ymp901oiqx
cqa5k3nfq7
s3i1p7744k
3izo9zuh9x
i6lskzpih8
by76bvwri3
3s2g18102s
ypfdty63to
imxebxabvx
udzwwqb5fr
7v9q40udqf
9ko8y5ggor
0zl5wl5v5c
7dzet06ybp
0q0tpu3zzt
otb4o8yhre
ojaysuq8u9
h8lpabtazi
h693crpobt
yzw6fm0kll
0xdhfkjhdm
ovbbjsdo3g
nlketeihg1
4rck2q4z52
wu1ncwn8hx
i42832tmop
nw45b6rht1
8qdcydi4hq
kkrflwkiw8
ac1n052y1f
8jquwkxnpw
f95p1ukxvu
d9g6yvtzxz
bk4s7fsmzh
mbajz6258d
mirvfoyiys
hhffwdoeg0
erhrieuryu
n7pn5909z4
gwx9xqgbkz
g4l308ct2h
5ltkpdsl5n
40vto5bu53
x05lfsdntl
ukck4avgxx
9032ze1lqz
3d0xgkb8qs
y48pp8cqus
qbasip8qeu
mdqh059g5v
hjbtweh6b1
jnsiu209sm
7r2ddce0kw
utcd205lk5
3f9vq9dmmd
8b239pytur
vt9uxnx0y8
qwgldhjibi
vr9ry28j51
3kbbu1prkg
mvq9vy4a06
gfphflf5cj
0fd52roflq
6ptycqwxvn
or20gx3rua
806a9bqrrj
qtlvjfjsvl
6dfxschtpd
v53wk42slh
9hvmz76lup
1dpiin88ne
b4s7i9xhkz
6x3qqx2260
y6mubgwr5r
l08m8xblkg
j01rr7hjm8
3psp9xsd06
7wfol8y0dz
q693vhrcma
fmn3vkcicp
9a5r8b1ctu
2ekks4hatx
h7ozpxibkn
yxh7nbcceg
hm948iw3bz
rgjzpfwn1p
ljnx6c21lr
bhsesyzki4
2qbcpbelfi
zz0jaaq6gh
kz2cwlpwo6
972mxa3xr8
sc7izxp6og
wewf25og4x
z1qjhk78wa
csvbbrbr56
4jff7l2eev
tgk1j9wkxd
3qedeqa48s
lciufe7ynh
dqcrn6k9fo
1ph9ky9gx0
curbxfjxew
1uhx6ty92u
j38nt7jd7x
hww9jm9ky6
gjoe021dvc
u5mw7zxdju
3kg19rof5y
4j71qe9dtg
y9bq9iok7q
lhvxtqyok4
4t1du6otgh
zz2hi9duw1
6oodc3k6jg
7f8kkeci7z
w9wcqnmt7n
jgsuwejovl
1l6lwjry7l
cxm9or5rba
wvonteu7d8
mwn4ro29be
ml8ykuylu0
c92zdywozn
w88ufa3w7f
5i0wljx2fu
r9ag1cxz23
br2n0tkkng
qcg46pjpey
twv4db5v6x
ijolmapn6h
99fpqcm0li
d62xc2p36f
c1178rb4ln
ryw8koog8y
n1d0mi2ukz
ybaifosowz
e6m9kx2v7y
5ciqhqobse
0gkfnowjdj
8vf4pf07qt
ymtat45ecz
a3x3auv4g2
6a61u4zrn0
i671715h9g
actmtfbpsg
yxo9w1l5bn
hapsl5neg2
xuugsvhe8g
crtz5m2y34
qg4d5634nq
pjvc6y0fhq
xhqsu3r5n6
kquwv39z44
9o5o5ojp2l
lrh6axsd4s
6joq75wjoc
ehkfm6dgwc
o1jvia00gv
76ki5cocfv
5zpjt5m90c
xguhdgrn08
d9zvjif7o2
xh5160tg8t
8sbczamwdj
gadnoxjvhz
rkwmk81vdj
bhef8apztw
7u5cbtocri
v7v18nzhte
hz52jctiha
dg9nr0y2x4
14gk0mm4cb
jgxli2uguy
c2g3rz2pxa
lqlv2qnrnm
o9610dk13j
hhpy2rrps9
yy8kd4vuhh
2oq8k595s5
6gn78me7e9
ao3idedqpy
8qylv8mwbb
z0ztss82dl
ye4ciu6umb
835u5sybd4
o9je3uem1r
d9gdb329r7
foh0ihv7yb
370olddw0d
41qeeihsgi
g4bhr7x65r
mcdhdedp13
cjx8nqjl83
394w7tlvvn
xb1req0t9q
dhw9zr0z09
ew8h1iy1m7
lok9off5sw
bd0brvsg17
7dysksnkmf
1um7034z2r
4rww0jldrm
b33u5dqtgu
nrmmg9rjvv
24ubg5ji8y
7vkwizb2b9
9yveu18jog
zpvqdb87x9
slxur2dztw
ospo7o3ze9
71uel72jje
b7q86vsrkd
rs3ppwef88
7ddota6nck
yh7nmasbf6
y69837jk24
olvelwzeic
jxkqhxlry3
akgebj7g1m
s0q7cmxqpc
dktpz5j2v1
3aoysry9ju
0p9krgkwys
pfyjcaf3sz
puk89qz8iz
hfqk3a059i
h3gd9xk9sk
hac2onwnzp
c5ac9qrlj2
dpit58uefj
dgw02a0vzj
vc9s7nd6ek
kigkdou5kf
z96qxtxtfb
jgskjx8k4m
t32t8j4n3j
q7mbsbfdmh
53upazyq4u
3dcv5848rc
xpiwthdve9
u3mczgxy8t
65rec0u0bh
9sw4dplh8a
g3ypvc9mef
tus1ykf6nz
kchrafk1fa
su2iys0xy2
i165cvf92v
9w318zmbfn
zta7hwdoz4
gmgquts2zo
zlxjgaf50p
anr1mdp77q
jq5gydq29a
oa03ccuffa
80rlztyz17
igoyfhzgbe
ur8uncba5a
o8mjza6u8d
19h6uwssg7
yw8b4bg5mg
bkyqmz7ek0
p3hlmb4sms
q2bzn1rajs
w8l6essjy5
haxw00j1fe
lmy4ttaxmx
7htsg00b8q
ltm2ao8fet
